<?xml version="1.0" encoding="UTF-8"?>
<!-- Generated by org.testng.reporters.JUnitXMLReporter -->
<testsuite hostname="Suneela-MBP.local" ignored="0" name="Default test" tests="5" failures="0" timestamp="2021-06-13T18:10:41 IST" time="0.042" errors="0">
  <testcase name="apiLoginCarLoan" time="0.004" classname="com.CarLoan.PracticeThree"/>
  <testcase name="mobileLoginCarLoan" time="0.001" classname="com.CarLoan.PracticeThree"/>
  <testcase name="mobileLogoutCarLoan" time="0.0" classname="com.CarLoan.PracticeThree"/>
  <testcase name="mobileNavigationCarLoan" time="0.0" classname="com.CarLoan.PracticeThree"/>
  <testcase name="webLoginCarLoan" time="0.0" classname="com.CarLoan.PracticeThree"/>
</testsuite> <!-- Default test -->
