<?xml version="1.0" encoding="UTF-8"?>
<!-- Generated by org.testng.reporters.JUnitXMLReporter -->
<testsuite hostname="Suneela-MBP.local" ignored="0" name="Car Loan" tests="9" failures="2" timestamp="2021-06-13T22:13:42 IST" time="0.028" errors="0">
  <testcase name="mobileLoginCarLoan" time="0.002" classname="com.CarLoan.PracticeThree">
    <failure type="java.lang.AssertionError" message="expected [true] but found [false]">
      <![CDATA[java.lang.AssertionError: expected [true] but found [false]
at com.CarLoan.PracticeThree.mobileLoginCarLoan(PracticeThree.java:27)
at java.util.ArrayList.forEach(ArrayList.java:1257)
... Removed 31 stack frames]]>
    </failure>
  </testcase> <!-- mobileLoginCarLoan -->
  <testcase name="mobileLogoutCarLoan" time="0.001" classname="com.CarLoan.PracticeThree"/>
  <testcase name="mobileNavigationCarLoan" time="0.006" classname="com.CarLoan.PracticeThree"/>
  <testcase name="smokeTestCarLoan" time="0.0" classname="com.CarLoan.PracticeThree">
    <failure type="java.lang.AssertionError" message="expected [true] but found [false]">
      <![CDATA[java.lang.AssertionError: expected [true] but found [false]
at com.CarLoan.PracticeThree.smokeTestCarLoan(PracticeThree.java:62)
at java.util.ArrayList.forEach(ArrayList.java:1257)
... Removed 31 stack frames]]>
    </failure>
  </testcase> <!-- smokeTestCarLoan -->
  <testcase name="CarLoanDataProviderTest" time="0.001" classname="com.CarLoan.PracticeThree"/>
  <testcase name="CarLoanDataProviderTest" time="0.001" classname="com.CarLoan.PracticeThree"/>
  <testcase name="CarLoanDataProviderTest" time="0.0" classname="com.CarLoan.PracticeThree"/>
  <testcase name="webLoginCarLoan" time="0.001" classname="com.CarLoan.PracticeThree"/>
  <testcase name="apiLoginCarLoan" time="0.0" classname="com.CarLoan.PracticeThree">
    <skipped/>
  </testcase> <!-- apiLoginCarLoan -->
</testsuite> <!-- Car Loan -->
