<?xml version="1.0" encoding="UTF-8"?>
<!-- Generated by org.testng.reporters.JUnitXMLReporter -->
<testsuite hostname="Suneela-MBP.local" ignored="0" name="Car Loan" tests="6" failures="0" timestamp="2021-06-13T18:44:02 IST" time="0.012" errors="0">
  <testcase name="mobileLoginCarLoan" time="0.001" classname="com.CarLoan.PracticeThree"/>
  <testcase name="mobileLogoutCarLoan" time="0.0" classname="com.CarLoan.PracticeThree"/>
  <testcase name="mobileNavigationCarLoan" time="0.001" classname="com.CarLoan.PracticeThree"/>
  <testcase name="smokeTestCarLoan" time="0.001" classname="com.CarLoan.PracticeThree"/>
  <testcase name="webLoginCarLoan" time="0.0" classname="com.CarLoan.PracticeThree"/>
  <testcase name="apiLoginCarLoan" time="0.0" classname="com.CarLoan.PracticeThree"/>
</testsuite> <!-- Car Loan -->
