<?xml version="1.0" encoding="UTF-8"?>
<!-- Generated by org.testng.reporters.JUnitXMLReporter -->
<testsuite hostname="Suneela-MBP.local" ignored="0" name="CarLoan" tests="5" failures="0" timestamp="2021-06-13T17:30:18 IST" time="0.007" errors="0">
  <testcase name="apiLoginCarLoan" time="0.001" classname="com.CarLoan.PracticeThree"/>
  <testcase name="mobileLoginCarLoan" time="0.0" classname="com.CarLoan.PracticeThree"/>
  <testcase name="mobileLogoutCarLoan" time="0.001" classname="com.CarLoan.PracticeThree"/>
  <testcase name="mobileNavigationCarLoan" time="0.001" classname="com.CarLoan.PracticeThree"/>
  <testcase name="webLoginCarLoan" time="0.001" classname="com.CarLoan.PracticeThree"/>
</testsuite> <!-- CarLoan -->
