<?xml version="1.0" encoding="UTF-8"?>
<!-- Generated by org.testng.reporters.JUnitXMLReporter -->
<testsuite hostname="Suneela-MBP.local" ignored="0" name="HomeLoan" tests="3" failures="0" timestamp="2021-06-13T17:30:18 IST" time="0.006" errors="0">
  <testcase name="apiLoginHomeLoan" time="0.001" classname="com.HomeLoan.PracticeFour"/>
  <testcase name="mobileLoginHomeLoan" time="0.001" classname="com.HomeLoan.PracticeFour"/>
  <testcase name="webLoginHomeLoan" time="0.001" classname="com.HomeLoan.PracticeFour"/>
</testsuite> <!-- HomeLoan -->
