<?xml version="1.0" encoding="UTF-8"?>
<!-- Generated by org.testng.reporters.JUnitXMLReporter -->
<testsuite hostname="Suneela-MBP.local" ignored="1" name="PersonalLoan" tests="5" failures="0" timestamp="2021-06-13T18:13:03 IST" time="0.031" errors="0">
  <testcase name="Demo" time="0.004" classname="com.PersonalLoan.PracticeOne"/>
  <testcase name="pLoan" time="0.001" classname="com.PersonalLoan.PracticeTwo"/>
  <testcase name="apiLoginHomeLoan" time="0.001" classname="com.HomeLoan.PracticeFour"/>
  <testcase name="mobileLoginHomeLoan" time="0.001" classname="com.HomeLoan.PracticeFour"/>
  <testcase name="webLoginHomeLoan" time="0.001" classname="com.HomeLoan.PracticeFour"/>
  <testcase name="secondTest" time="0.0" classname="com.PersonalLoan.PracticeOne">
    <ignored/>
  </testcase> <!-- secondTest -->
</testsuite> <!-- PersonalLoan -->
