<?xml version="1.0" encoding="UTF-8"?>
<!-- Generated by org.testng.reporters.JUnitXMLReporter -->
<testsuite hostname="Suneela-MBP.local" ignored="11" name="Smoke" tests="4" failures="0" timestamp="2021-06-13T18:37:41 IST" time="0.04" errors="0">
  <testcase name="smokeTestPLoan1" time="0.007" classname="com.PersonalLoan.PracticeOne"/>
  <testcase name="smokeTestPLoan2" time="0.001" classname="com.PersonalLoan.PracticeTwo"/>
  <testcase name="smokeTestHomeLoan" time="0.0" classname="com.HomeLoan.PracticeFour"/>
  <testcase name="smokeTestCarLoan" time="0.001" classname="com.CarLoan.PracticeThree"/>
  <testcase name="mobileLoginCarLoan" time="0.0" classname="com.CarLoan.PracticeThree">
    <ignored/>
  </testcase> <!-- mobileLoginCarLoan -->
  <testcase name="Demo" time="0.0" classname="com.PersonalLoan.PracticeOne">
    <ignored/>
  </testcase> <!-- Demo -->
  <testcase name="secondTest" time="0.0" classname="com.PersonalLoan.PracticeOne">
    <ignored/>
  </testcase> <!-- secondTest -->
  <testcase name="apiLoginHomeLoan" time="0.0" classname="com.HomeLoan.PracticeFour">
    <ignored/>
  </testcase> <!-- apiLoginHomeLoan -->
  <testcase name="mobileNavigationCarLoan" time="0.0" classname="com.CarLoan.PracticeThree">
    <ignored/>
  </testcase> <!-- mobileNavigationCarLoan -->
  <testcase name="mobileLogoutCarLoan" time="0.0" classname="com.CarLoan.PracticeThree">
    <ignored/>
  </testcase> <!-- mobileLogoutCarLoan -->
  <testcase name="pLoan" time="0.0" classname="com.PersonalLoan.PracticeTwo">
    <ignored/>
  </testcase> <!-- pLoan -->
  <testcase name="mobileLoginHomeLoan" time="0.0" classname="com.HomeLoan.PracticeFour">
    <ignored/>
  </testcase> <!-- mobileLoginHomeLoan -->
  <testcase name="webLoginCarLoan" time="0.0" classname="com.CarLoan.PracticeThree">
    <ignored/>
  </testcase> <!-- webLoginCarLoan -->
  <testcase name="apiLoginCarLoan" time="0.0" classname="com.CarLoan.PracticeThree">
    <ignored/>
  </testcase> <!-- apiLoginCarLoan -->
  <testcase name="webLoginHomeLoan" time="0.0" classname="com.HomeLoan.PracticeFour">
    <ignored/>
  </testcase> <!-- webLoginHomeLoan -->
</testsuite> <!-- Smoke -->
