<?xml version="1.0" encoding="UTF-8"?>
<testsuite xmlns:xsi="http://www.w3.org/2001/XMLSchema-instance" xsi:noNamespaceSchemaLocation="https://maven.apache.org/surefire/maven-surefire-plugin/xsd/surefire-test-report.xsd" name="TestSuite" time="0.397" tests="17" errors="0" skipped="1" failures="4">
  <properties>
[...]
</properties>
  <testcase name="Demo" classname="com.PersonalLoan.PracticeOne" time="0.001"/>
  <testcase name="secondTest" classname="com.PersonalLoan.PracticeOne" time="0.001"/>
  <testcase name="smokeTestPLoan1" classname="com.PersonalLoan.PracticeOne" time="0"/>
  <testcase name="pLoan" classname="com.PersonalLoan.PracticeTwo" time="0"/>
  <testcase name="smokeTestPLoan2" classname="com.PersonalLoan.PracticeTwo" time="0"/>
  <testcase name="apiLoginHomeLoan" classname="com.HomeLoan.PracticeFour" time="0"/>
  <testcase name="mobileLoginHomeLoan" classname="com.HomeLoan.PracticeFour" time="0.006">
    <failure message="&#10;Parameter &apos;URL&apos; is required by @Test on method mobileLoginHomeLoan but has not been marked @Optional or defined&#10;in /Volumes/Development/Automation/TestNgPractice/testng.xml" type="org.testng.TestNGException">org.testng.TestNGException: 

Parameter 'URL' is required by @Test on method mobileLoginHomeLoan but has not been marked @Optional or defined
in /Volumes/Development/Automation/TestNgPractice/testng.xml
</failure>
    <system-err><![CDATA[[Utils] [ERROR] [Error] org.testng.TestNGException: 
Parameter &apos;URL&apos; is required by @Test on method mobileLoginHomeLoan but has not been marked @Optional or defined
in /Volumes/Development/Automation/TestNgPractice/testng.xml
	at org.testng.internal.Parameters.createParams(Parameters.java:270)
	at org.testng.internal.Parameters.createParametersForMethod(Parameters.java:358)
	at org.testng.internal.Parameters.createParameters(Parameters.java:700)
	at org.testng.internal.Parameters.handleParameters(Parameters.java:884)
	at org.testng.internal.Parameters.handleParameters(Parameters.java:740)
	at org.testng.internal.ParameterHandler.handleParameters(ParameterHandler.java:59)
	at org.testng.internal.ParameterHandler.createParameters(ParameterHandler.java:38)
	at org.testng.internal.TestInvoker$MethodInvocationAgent.invoke(TestInvoker.java:791)
	at org.testng.internal.TestInvoker.invokeTestMethods(TestInvoker.java:146)
	at org.testng.internal.TestMethodWorker.invokeTestMethods(TestMethodWorker.java:146)
	at org.testng.internal.TestMethodWorker.run(TestMethodWorker.java:128)
	at java.util.ArrayList.forEach(ArrayList.java:1257)
	at org.testng.TestRunner.privateRun(TestRunner.java:794)
	at org.testng.TestRunner.run(TestRunner.java:596)
	at org.testng.SuiteRunner.runTest(SuiteRunner.java:377)
	at org.testng.SuiteRunner.runSequentially(SuiteRunner.java:371)
	at org.testng.SuiteRunner.privateRun(SuiteRunner.java:332)
	at org.testng.SuiteRunner.run(SuiteRunner.java:276)
	at org.testng.SuiteRunnerWorker.runSuite(SuiteRunnerWorker.java:53)
	at org.testng.SuiteRunnerWorker.run(SuiteRunnerWorker.java:96)
	at org.testng.TestNG.runSuitesSequentially(TestNG.java:1212)
	at org.testng.TestNG.runSuitesLocally(TestNG.java:1134)
	at org.testng.TestNG.runSuites(TestNG.java:1063)
	at org.testng.TestNG.run(TestNG.java:1031)
	at org.apache.maven.surefire.testng.TestNGExecutor.run(TestNGExecutor.java:283)
	at org.apache.maven.surefire.testng.TestNGXmlTestSuite.execute(TestNGXmlTestSuite.java:75)
	at org.apache.maven.surefire.testng.TestNGProvider.invoke(TestNGProvider.java:120)
	at org.apache.maven.surefire.booter.ForkedBooter.invokeProviderInSameClassLoader(ForkedBooter.java:384)
	at org.apache.maven.surefire.booter.ForkedBooter.runSuitesInProcess(ForkedBooter.java:345)
	at org.apache.maven.surefire.booter.ForkedBooter.execute(ForkedBooter.java:126)
	at org.apache.maven.surefire.booter.ForkedBooter.main(ForkedBooter.java:418)

]]></system-err>
  </testcase>
  <testcase name="smokeTestHomeLoan" classname="com.HomeLoan.PracticeFour" time="0"/>
  <testcase name="mobileLoginCarLoan" classname="com.CarLoan.PracticeThree" time="0.002">
    <failure message="expected [true] but found [false]" type="java.lang.AssertionError">java.lang.AssertionError: expected [true] but found [false]
	at com.CarLoan.PracticeThree.mobileLoginCarLoan(PracticeThree.java:27)
</failure>
    <system-out><![CDATA[ After Test :PersonalLoan:PracticeOne:afterTestPLoan
 beforeClassTest:CarLoan:PracticeThree
  beforeMethodCarLoan executed before car loan test methods
   mobileLoginCarLoan
]]></system-out>
  </testcase>
  <testcase name="mobileLogoutCarLoan" classname="com.CarLoan.PracticeThree" time="0.009">
    <failure message="&#10;Parameter &apos;URL&apos; is required by @Test on method mobileLogoutCarLoan but has not been marked @Optional or defined&#10;in /Volumes/Development/Automation/TestNgPractice/testng.xml" type="org.testng.TestNGException">org.testng.TestNGException: 

Parameter 'URL' is required by @Test on method mobileLogoutCarLoan but has not been marked @Optional or defined
in /Volumes/Development/Automation/TestNgPractice/testng.xml
</failure>
    <system-out><![CDATA[  afterMethodCarLoan excuted after every car loan test methods
]]></system-out>
    <system-err><![CDATA[[Utils] [ERROR] [Error] org.testng.TestNGException: 
Parameter &apos;URL&apos; is required by @Test on method mobileLogoutCarLoan but has not been marked @Optional or defined
in /Volumes/Development/Automation/TestNgPractice/testng.xml
	at org.testng.internal.Parameters.createParams(Parameters.java:270)
	at org.testng.internal.Parameters.createParametersForMethod(Parameters.java:358)
	at org.testng.internal.Parameters.createParameters(Parameters.java:700)
	at org.testng.internal.Parameters.handleParameters(Parameters.java:884)
	at org.testng.internal.Parameters.handleParameters(Parameters.java:740)
	at org.testng.internal.ParameterHandler.handleParameters(ParameterHandler.java:59)
	at org.testng.internal.ParameterHandler.createParameters(ParameterHandler.java:38)
	at org.testng.internal.TestInvoker$MethodInvocationAgent.invoke(TestInvoker.java:791)
	at org.testng.internal.TestInvoker.invokeTestMethods(TestInvoker.java:146)
	at org.testng.internal.TestMethodWorker.invokeTestMethods(TestMethodWorker.java:146)
	at org.testng.internal.TestMethodWorker.run(TestMethodWorker.java:128)
	at java.util.ArrayList.forEach(ArrayList.java:1257)
	at org.testng.TestRunner.privateRun(TestRunner.java:794)
	at org.testng.TestRunner.run(TestRunner.java:596)
	at org.testng.SuiteRunner.runTest(SuiteRunner.java:377)
	at org.testng.SuiteRunner.runSequentially(SuiteRunner.java:371)
	at org.testng.SuiteRunner.privateRun(SuiteRunner.java:332)
	at org.testng.SuiteRunner.run(SuiteRunner.java:276)
	at org.testng.SuiteRunnerWorker.runSuite(SuiteRunnerWorker.java:53)
	at org.testng.SuiteRunnerWorker.run(SuiteRunnerWorker.java:96)
	at org.testng.TestNG.runSuitesSequentially(TestNG.java:1212)
	at org.testng.TestNG.runSuitesLocally(TestNG.java:1134)
	at org.testng.TestNG.runSuites(TestNG.java:1063)
	at org.testng.TestNG.run(TestNG.java:1031)
	at org.apache.maven.surefire.testng.TestNGExecutor.run(TestNGExecutor.java:283)
	at org.apache.maven.surefire.testng.TestNGXmlTestSuite.execute(TestNGXmlTestSuite.java:75)
	at org.apache.maven.surefire.testng.TestNGProvider.invoke(TestNGProvider.java:120)
	at org.apache.maven.surefire.booter.ForkedBooter.invokeProviderInSameClassLoader(ForkedBooter.java:384)
	at org.apache.maven.surefire.booter.ForkedBooter.runSuitesInProcess(ForkedBooter.java:345)
	at org.apache.maven.surefire.booter.ForkedBooter.execute(ForkedBooter.java:126)
	at org.apache.maven.surefire.booter.ForkedBooter.main(ForkedBooter.java:418)

]]></system-err>
  </testcase>
  <testcase name="mobileNavigationCarLoan" classname="com.CarLoan.PracticeThree" time="0"/>
  <testcase name="smokeTestCarLoan" classname="com.CarLoan.PracticeThree" time="0">
    <failure message="expected [true] but found [false]" type="java.lang.AssertionError">java.lang.AssertionError: expected [true] but found [false]
	at com.CarLoan.PracticeThree.smokeTestCarLoan(PracticeThree.java:62)
</failure>
    <system-out><![CDATA[  afterMethodCarLoan excuted after every car loan test methods
  beforeMethodCarLoan executed before car loan test methods
 smokeTestCarLoan :CarLoan:PracticeThree:SmokeGroup
]]></system-out>
  </testcase>
  <testcase name="CarLoanDataProviderTest" classname="com.CarLoan.PracticeThree" time="0"/>
  <testcase name="CarLoanDataProviderTest" classname="com.CarLoan.PracticeThree" time="0"/>
  <testcase name="CarLoanDataProviderTest" classname="com.CarLoan.PracticeThree" time="0.001"/>
  <testcase name="webLoginCarLoan" classname="com.CarLoan.PracticeThree" time="0.001"/>
  <testcase name="apiLoginCarLoan" classname="com.CarLoan.PracticeThree" time="0">
    <skipped message="Method PracticeThree.apiLoginCarLoan()[pri:0, instance:com.CarLoan.PracticeThree@e45f292] depends on not successfully finished methods"/>
    <system-out><![CDATA[  afterMethodCarLoan excuted after every car loan test methods
]]></system-out>
  </testcase>
</testsuite>