<?xml version="1.0" encoding="UTF-8"?>
<testsuite xmlns:xsi="http://www.w3.org/2001/XMLSchema-instance" xsi:noNamespaceSchemaLocation="https://maven.apache.org/surefire/maven-surefire-plugin/xsd/surefire-test-report.xsd" name="TestSuite" time="0.439" tests="17" errors="0" skipped="1" failures="2">
  <properties>
[...]
</properties>
  <testcase name="Demo" classname="com.PersonalLoan.PracticeOne" time="0.001"/>
  <testcase name="secondTest" classname="com.PersonalLoan.PracticeOne" time="0"/>
  <testcase name="smokeTestPLoan1" classname="com.PersonalLoan.PracticeOne" time="0"/>
  <testcase name="pLoan" classname="com.PersonalLoan.PracticeTwo" time="0"/>
  <testcase name="smokeTestPLoan2" classname="com.PersonalLoan.PracticeTwo" time="0"/>
  <testcase name="apiLoginHomeLoan" classname="com.HomeLoan.PracticeFour" time="0"/>
  <testcase name="mobileLoginHomeLoan" classname="com.HomeLoan.PracticeFour" time="0.001"/>
  <testcase name="smokeTestHomeLoan" classname="com.HomeLoan.PracticeFour" time="0"/>
  <testcase name="mobileLoginCarLoan" classname="com.CarLoan.PracticeThree" time="0.007">
    <failure message="expected [true] but found [false]" type="java.lang.AssertionError">java.lang.AssertionError: expected [true] but found [false]
	at com.CarLoan.PracticeThree.mobileLoginCarLoan(PracticeThree.java:27)
</failure>
    <system-out><![CDATA[
T E S T  L I S T E N E R : T E S T  IS  S U C E S S : smokeTestHomeLoan

 After Test :PersonalLoan:PracticeOne:afterTestPLoan
 beforeClassTest:CarLoan:PracticeThree
  beforeMethodCarLoan executed before car loan test methods
   mobileLoginCarLoan
]]></system-out>
  </testcase>
  <testcase name="mobileLogoutCarLoan" classname="com.CarLoan.PracticeThree" time="0"/>
  <testcase name="mobileNavigationCarLoan" classname="com.CarLoan.PracticeThree" time="0.002"/>
  <testcase name="smokeTestCarLoan" classname="com.CarLoan.PracticeThree" time="0">
    <failure message="expected [true] but found [false]" type="java.lang.AssertionError">java.lang.AssertionError: expected [true] but found [false]
	at com.CarLoan.PracticeThree.smokeTestCarLoan(PracticeThree.java:62)
</failure>
    <system-out><![CDATA[
T E S T  L I S T E N E R : T E S T  IS  S U C E S S : mobileNavigationCarLoan

  afterMethodCarLoan excuted after every car loan test methods
  beforeMethodCarLoan executed before car loan test methods
 smokeTestCarLoan :CarLoan:PracticeThree:SmokeGroup
]]></system-out>
  </testcase>
  <testcase name="CarLoanDataProviderTest" classname="com.CarLoan.PracticeThree" time="0"/>
  <testcase name="CarLoanDataProviderTest" classname="com.CarLoan.PracticeThree" time="0"/>
  <testcase name="CarLoanDataProviderTest" classname="com.CarLoan.PracticeThree" time="0"/>
  <testcase name="webLoginCarLoan" classname="com.CarLoan.PracticeThree" time="0.001"/>
  <testcase name="apiLoginCarLoan" classname="com.CarLoan.PracticeThree" time="0">
    <skipped message="Method PracticeThree.apiLoginCarLoan()[pri:0, instance:com.CarLoan.PracticeThree@3f49dace] depends on not successfully finished methods"/>
    <system-out><![CDATA[
T E S T  L I S T E N E R : T E S T  IS  S U C E S S : webLoginCarLoan

  afterMethodCarLoan excuted after every car loan test methods
]]></system-out>
  </testcase>
</testsuite>