<?xml version="1.0" encoding="UTF-8"?>
<testng-results skipped="0" failed="0" ignored="6" total="9" passed="3">
  <reporter-output>
  </reporter-output>
  <suite name="Loan Department" duration-ms="42" started-at="2021-06-13T19:41:51 IST" finished-at="2021-06-13T19:41:51 IST">
    <groups>
    </groups>
    <test name="Car Loan" duration-ms="42" started-at="2021-06-13T19:41:51 IST" finished-at="2021-06-13T19:41:51 IST">
      <class name="com.CarLoan.PracticeThree">
        <test-method status="PASS" signature="beforeClassTest()[pri:0, instance:com.CarLoan.PracticeThree@57e1b0c]" name="beforeClassTest" is-config="true" duration-ms="6" started-at="2021-06-13T19:41:51 IST" finished-at="2021-06-13T19:41:51 IST">
          <reporter-output>
          </reporter-output>
        </test-method> <!-- beforeClassTest -->
        <test-method status="PASS" signature="beforeMethodCarLoan()[pri:0, instance:com.CarLoan.PracticeThree@57e1b0c]" name="beforeMethodCarLoan" is-config="true" duration-ms="0" started-at="2021-06-13T19:41:51 IST" finished-at="2021-06-13T19:41:51 IST">
          <reporter-output>
          </reporter-output>
        </test-method> <!-- beforeMethodCarLoan -->
        <test-method status="PASS" signature="CarLoanDataProviderTest(java.lang.String,java.lang.String)[pri:0, instance:com.CarLoan.PracticeThree@57e1b0c]" name="CarLoanDataProviderTest" duration-ms="4" started-at="2021-06-13T19:41:51 IST" data-provider="TestData1" finished-at="2021-06-13T19:41:51 IST">
          <params>
            <param index="0">
              <value>
                <![CDATA[username1]]>
              </value>
            </param>
            <param index="1">
              <value>
                <![CDATA[password1]]>
              </value>
            </param>
          </params>
          <reporter-output>
          </reporter-output>
        </test-method> <!-- CarLoanDataProviderTest -->
        <test-method status="PASS" signature="afterMethodCarLoan()[pri:0, instance:com.CarLoan.PracticeThree@57e1b0c]" name="afterMethodCarLoan" is-config="true" duration-ms="0" started-at="2021-06-13T19:41:51 IST" finished-at="2021-06-13T19:41:51 IST">
          <reporter-output>
          </reporter-output>
        </test-method> <!-- afterMethodCarLoan -->
        <test-method status="PASS" signature="beforeMethodCarLoan()[pri:0, instance:com.CarLoan.PracticeThree@57e1b0c]" name="beforeMethodCarLoan" is-config="true" duration-ms="1" started-at="2021-06-13T19:41:51 IST" finished-at="2021-06-13T19:41:51 IST">
          <reporter-output>
          </reporter-output>
        </test-method> <!-- beforeMethodCarLoan -->
        <test-method status="PASS" signature="CarLoanDataProviderTest(java.lang.String,java.lang.String)[pri:0, instance:com.CarLoan.PracticeThree@57e1b0c]" name="CarLoanDataProviderTest" duration-ms="0" started-at="2021-06-13T19:41:51 IST" data-provider="TestData1" finished-at="2021-06-13T19:41:51 IST">
          <params>
            <param index="0">
              <value>
                <![CDATA[username2]]>
              </value>
            </param>
            <param index="1">
              <value>
                <![CDATA[password2]]>
              </value>
            </param>
          </params>
          <reporter-output>
          </reporter-output>
        </test-method> <!-- CarLoanDataProviderTest -->
        <test-method status="PASS" signature="afterMethodCarLoan()[pri:0, instance:com.CarLoan.PracticeThree@57e1b0c]" name="afterMethodCarLoan" is-config="true" duration-ms="1" started-at="2021-06-13T19:41:51 IST" finished-at="2021-06-13T19:41:51 IST">
          <reporter-output>
          </reporter-output>
        </test-method> <!-- afterMethodCarLoan -->
        <test-method status="PASS" signature="CarLoanDataProviderTest(java.lang.String,java.lang.String)[pri:0, instance:com.CarLoan.PracticeThree@57e1b0c]" name="CarLoanDataProviderTest" duration-ms="1" started-at="2021-06-13T19:41:51 IST" data-provider="TestData1" finished-at="2021-06-13T19:41:51 IST">
          <params>
            <param index="0">
              <value>
                <![CDATA[username3]]>
              </value>
            </param>
            <param index="1">
              <value>
                <![CDATA[password3]]>
              </value>
            </param>
          </params>
          <reporter-output>
          </reporter-output>
        </test-method> <!-- CarLoanDataProviderTest -->
        <test-method status="PASS" signature="beforeMethodCarLoan()[pri:0, instance:com.CarLoan.PracticeThree@57e1b0c]" name="beforeMethodCarLoan" is-config="true" duration-ms="0" started-at="2021-06-13T19:41:51 IST" finished-at="2021-06-13T19:41:51 IST">
          <reporter-output>
          </reporter-output>
        </test-method> <!-- beforeMethodCarLoan -->
        <test-method status="PASS" signature="afterMethodCarLoan()[pri:0, instance:com.CarLoan.PracticeThree@57e1b0c]" name="afterMethodCarLoan" is-config="true" duration-ms="0" started-at="2021-06-13T19:41:51 IST" finished-at="2021-06-13T19:41:51 IST">
          <reporter-output>
          </reporter-output>
        </test-method> <!-- afterMethodCarLoan -->
      </class> <!-- com.CarLoan.PracticeThree -->
    </test> <!-- Car Loan -->
  </suite> <!-- Loan Department -->
</testng-results>
