<?xml version="1.0" encoding="UTF-8"?>
<testng-results skipped="0" failed="0" ignored="2" total="11" passed="9">
  <reporter-output>
  </reporter-output>
  <suite name="Loan Department" duration-ms="67" started-at="2021-06-13T17:47:28 IST" finished-at="2021-06-13T17:47:28 IST">
    <groups>
    </groups>
    <test name="PersonalLoan" duration-ms="41" started-at="2021-06-13T17:47:28 IST" finished-at="2021-06-13T17:47:28 IST">
      <class name="com.PersonalLoan.PracticeOne">
        <test-method status="PASS" signature="Demo()[pri:0, instance:com.PersonalLoan.PracticeOne@2d8f65a4]" name="Demo" duration-ms="4" started-at="2021-06-13T17:47:28 IST" finished-at="2021-06-13T17:47:28 IST">
          <reporter-output>
          </reporter-output>
        </test-method> <!-- Demo -->
        <test-method status="PASS" signature="afterTestPLoan()[pri:0, instance:com.PersonalLoan.PracticeOne@2d8f65a4]" name="afterTestPLoan" is-config="true" duration-ms="1" started-at="2021-06-13T17:47:28 IST" finished-at="2021-06-13T17:47:28 IST">
          <reporter-output>
          </reporter-output>
        </test-method> <!-- afterTestPLoan -->
      </class> <!-- com.PersonalLoan.PracticeOne -->
      <class name="com.HomeLoan.PracticeFour">
        <test-method status="PASS" signature="apiLoginHomeLoan()[pri:0, instance:com.HomeLoan.PracticeFour@704a52ec]" name="apiLoginHomeLoan" duration-ms="1" started-at="2021-06-13T17:47:28 IST" finished-at="2021-06-13T17:47:28 IST">
          <reporter-output>
          </reporter-output>
        </test-method> <!-- apiLoginHomeLoan -->
        <test-method status="PASS" signature="mobileLoginHomeLoan()[pri:0, instance:com.HomeLoan.PracticeFour@704a52ec]" name="mobileLoginHomeLoan" duration-ms="0" started-at="2021-06-13T17:47:28 IST" finished-at="2021-06-13T17:47:28 IST">
          <reporter-output>
          </reporter-output>
        </test-method> <!-- mobileLoginHomeLoan -->
        <test-method status="PASS" signature="webLoginHomeLoan()[pri:0, instance:com.HomeLoan.PracticeFour@704a52ec]" name="webLoginHomeLoan" duration-ms="1" started-at="2021-06-13T17:47:28 IST" finished-at="2021-06-13T17:47:28 IST">
          <reporter-output>
          </reporter-output>
        </test-method> <!-- webLoginHomeLoan -->
      </class> <!-- com.HomeLoan.PracticeFour -->
      <class name="com.PersonalLoan.PracticeTwo">
        <test-method status="PASS" signature="beforeTestPLoan()[pri:0, instance:com.PersonalLoan.PracticeTwo@76f2b07d]" name="beforeTestPLoan" is-config="true" duration-ms="7" started-at="2021-06-13T17:47:28 IST" finished-at="2021-06-13T17:47:28 IST">
          <reporter-output>
          </reporter-output>
        </test-method> <!-- beforeTestPLoan -->
        <test-method status="PASS" signature="pLoan()[pri:0, instance:com.PersonalLoan.PracticeTwo@76f2b07d]" name="pLoan" duration-ms="1" started-at="2021-06-13T17:47:28 IST" finished-at="2021-06-13T17:47:28 IST">
          <reporter-output>
          </reporter-output>
        </test-method> <!-- pLoan -->
      </class> <!-- com.PersonalLoan.PracticeTwo -->
    </test> <!-- PersonalLoan -->
    <test name="Car Loan" duration-ms="6" started-at="2021-06-13T17:47:28 IST" finished-at="2021-06-13T17:47:28 IST">
      <class name="com.CarLoan.PracticeThree">
        <test-method status="PASS" signature="apiLoginCarLoan()[pri:0, instance:com.CarLoan.PracticeThree@58c1670b]" name="apiLoginCarLoan" duration-ms="1" started-at="2021-06-13T17:47:28 IST" finished-at="2021-06-13T17:47:28 IST">
          <reporter-output>
          </reporter-output>
        </test-method> <!-- apiLoginCarLoan -->
        <test-method status="PASS" signature="mobileLogoutCarLoan()[pri:0, instance:com.CarLoan.PracticeThree@58c1670b]" name="mobileLogoutCarLoan" duration-ms="0" started-at="2021-06-13T17:47:28 IST" finished-at="2021-06-13T17:47:28 IST">
          <reporter-output>
          </reporter-output>
        </test-method> <!-- mobileLogoutCarLoan -->
        <test-method status="PASS" signature="mobileNavigationCarLoan()[pri:0, instance:com.CarLoan.PracticeThree@58c1670b]" name="mobileNavigationCarLoan" duration-ms="1" started-at="2021-06-13T17:47:28 IST" finished-at="2021-06-13T17:47:28 IST">
          <reporter-output>
          </reporter-output>
        </test-method> <!-- mobileNavigationCarLoan -->
        <test-method status="PASS" signature="webLoginCarLoan()[pri:0, instance:com.CarLoan.PracticeThree@58c1670b]" name="webLoginCarLoan" duration-ms="1" started-at="2021-06-13T17:47:28 IST" finished-at="2021-06-13T17:47:28 IST">
          <reporter-output>
          </reporter-output>
        </test-method> <!-- webLoginCarLoan -->
      </class> <!-- com.CarLoan.PracticeThree -->
    </test> <!-- Car Loan -->
  </suite> <!-- Loan Department -->
</testng-results>
