<?xml version="1.0" encoding="UTF-8"?>
<testng-results skipped="0" failed="0" ignored="11" total="15" passed="4">
  <reporter-output>
  </reporter-output>
  <suite name="Loan Department" duration-ms="39" started-at="2021-06-13T18:30:34 IST" finished-at="2021-06-13T18:30:35 IST">
    <groups>
      <group name="Smoke">
        <method signature="PracticeFour.smokeTestHomeLoan()[pri:0, instance:com.HomeLoan.PracticeFour@4b1c1ea0]" name="smokeTestHomeLoan" class="com.HomeLoan.PracticeFour"/>
        <method signature="PracticeOne.smokeTestPLoan1()[pri:0, instance:com.PersonalLoan.PracticeOne@396f6598]" name="smokeTestPLoan1" class="com.PersonalLoan.PracticeOne"/>
        <method signature="PracticeThree.smokeTestCarLoan()[pri:0, instance:com.CarLoan.PracticeThree@17579e0f]" name="smokeTestCarLoan" class="com.CarLoan.PracticeThree"/>
        <method signature="PracticeTwo.smokeTestPLoan2()[pri:0, instance:com.PersonalLoan.PracticeTwo@15d0c81b]" name="smokeTestPLoan2" class="com.PersonalLoan.PracticeTwo"/>
      </group> <!-- Smoke -->
    </groups>
    <test name="Smoke" duration-ms="39" started-at="2021-06-13T18:30:34 IST" finished-at="2021-06-13T18:30:35 IST">
      <class name="com.PersonalLoan.PracticeOne">
        <test-method status="PASS" signature="smokeTestPLoan1()[pri:0, instance:com.PersonalLoan.PracticeOne@396f6598]" name="smokeTestPLoan1" duration-ms="5" started-at="2021-06-13T18:30:35 IST" finished-at="2021-06-13T18:30:35 IST">
          <reporter-output>
          </reporter-output>
        </test-method> <!-- smokeTestPLoan1 -->
      </class> <!-- com.PersonalLoan.PracticeOne -->
      <class name="com.HomeLoan.PracticeFour">
        <test-method status="PASS" signature="smokeTestHomeLoan()[pri:0, instance:com.HomeLoan.PracticeFour@4b1c1ea0]" name="smokeTestHomeLoan" duration-ms="1" started-at="2021-06-13T18:30:35 IST" finished-at="2021-06-13T18:30:35 IST">
          <reporter-output>
          </reporter-output>
        </test-method> <!-- smokeTestHomeLoan -->
      </class> <!-- com.HomeLoan.PracticeFour -->
      <class name="com.CarLoan.PracticeThree">
        <test-method status="PASS" signature="smokeTestCarLoan()[pri:0, instance:com.CarLoan.PracticeThree@17579e0f]" name="smokeTestCarLoan" duration-ms="1" started-at="2021-06-13T18:30:35 IST" finished-at="2021-06-13T18:30:35 IST">
          <reporter-output>
          </reporter-output>
        </test-method> <!-- smokeTestCarLoan -->
      </class> <!-- com.CarLoan.PracticeThree -->
      <class name="com.PersonalLoan.PracticeTwo">
        <test-method status="PASS" signature="smokeTestPLoan2()[pri:0, instance:com.PersonalLoan.PracticeTwo@15d0c81b]" name="smokeTestPLoan2" duration-ms="1" started-at="2021-06-13T18:30:35 IST" finished-at="2021-06-13T18:30:35 IST">
          <reporter-output>
          </reporter-output>
        </test-method> <!-- smokeTestPLoan2 -->
      </class> <!-- com.PersonalLoan.PracticeTwo -->
    </test> <!-- Smoke -->
  </suite> <!-- Loan Department -->
</testng-results>
